[2024-11-13] Added product: marwan
[2024-11-13] Added product: John
[2024-11-13] Removed product: marwan
[2024-11-13] Loaded inventory from file: inventory_data.dat
[2024-11-13] Added product: nigga
[2024-11-13] Loaded inventory from file: inventory_data.dat
[2024-11-13] Added product: 00099
[2024-11-13] Added product: lucy
[2024-11-13] Added product: mammam
[2024-11-13] Loaded inventory from file: inventory_data.dat
[2024-11-13] Loaded inventory from file: inventory_data.dat
[2024-11-13] Added product: mamama
[2024-11-13] Removed product: mamama
[2024-11-13] Loaded inventory from file: inventory_data.dat
[2024-11-13] Loaded inventory from file: inventory_data.dat
[2024-11-13] Loaded inventory from file: inventory_data.dat
[2024-11-19] Loaded inventory from file: inventory_data.dat
[2024-11-21] Loaded inventory from file: inventory_data.dat
[2024-11-21] Loaded inventory from file: inventory_data.dat
[2024-11-21] Loaded inventory from file: inventory_data.dat
[2024-11-21] Added product: Bobs
[2024-11-21] Loaded inventory from file: inventory_data.dat
[2024-11-21] Loaded inventory from file: inventory_data.dat
[2024-11-21] Loaded inventory from file: inventory_data.dat
